<?xml version="1.0" encoding="UTF-8"?>
<testsuite name="raftkv.core.RaftNodeTest" tests="1" skipped="0" failures="0" errors="0" timestamp="2026-07-11T04:59:39" hostname="DESKTOP-U9ML911" time="0.297">
  <properties/>
  <testcase name="testSingleNodeElection()" classname="raftkv.core.RaftNodeTest" time="0.297"/>
  <system-out><![CDATA[10:29:39.859 [Test worker] INFO raftkv.core.RaftNode -- Starting node 1 in state FOLLOWER
10:29:39.979 [pool-1-thread-1] INFO raftkv.core.RaftNode -- Election timeout on node 1, term 0, transitioning to CANDIDATE
10:29:39.981 [pool-1-thread-1] INFO raftkv.core.RaftNode -- Node 1 starting election for term 1
10:29:39.983 [pool-1-thread-1] INFO raftkv.core.RaftNode -- Node 1 elected LEADER for term 1
10:29:40.011 [Test worker] INFO raftkv.core.RaftNode -- Stopping node 1
]]></system-out>
  <system-err><![CDATA[]]></system-err>
</testsuite>
